<?xml version="1.0" encoding="UTF-8" ?>
<testsuite errors="0" skipped="0" tests="6" time="41.426" failures="0" name="com.biosimilarity.magritte.AppTest">
  <properties>
[...]
</properties>
  <testcase classname="com.biosimilarity.magritte.AppTest" time="1.011" name="testWSDLCompiler"/>
  <testcase classname="com.biosimilarity.magritte.AppTest" time="28.581" name="testGEMManager"/>
  <testcase classname="com.biosimilarity.magritte.AppTest" time="5.892" name="testGemTargetCompiler"/>
  <testcase classname="com.biosimilarity.magritte.AppTest" time="5.829" name="testGemDemo"/>
  <testcase classname="com.biosimilarity.magritte.AppTest" time="0.066" name="testCompiler"/>
  <testcase classname="com.biosimilarity.magritte.AppTest" time="0" name="testOK"/>
</testsuite>